<?xml version="1.0" encoding="UTF-8"?>
<testsuite xmlns:xsi="http://www.w3.org/2001/XMLSchema-instance" xsi:noNamespaceSchemaLocation="https://maven.apache.org/surefire/maven-surefire-plugin/xsd/surefire-test-report.xsd" name="TestHelloServlet" time="0.187" tests="3" errors="0" skipped="0" failures="0">
  <properties>
[...]
</properties>
  <testcase name="servlet_should_not_greet_the_user_if_the_name_is_empty" classname="TestHelloServlet" time="0.14"/>
  <testcase name="servlet_should_not_greet_the_user_if_the_name_is_null" classname="TestHelloServlet" time="0"/>
  <testcase name="servlet_should_greet_the_user_when_the_name_is_provided" classname="TestHelloServlet" time="0"/>
</testsuite>